2022-07-14T14:14:41,925 - CPUUtilization.Percent:100.0|#Level:Host|#hostname:lavender,timestamp:1657775681
2022-07-14T14:14:41,926 - DiskAvailable.Gigabytes:972.351432800293|#Level:Host|#hostname:lavender,timestamp:1657775681
2022-07-14T14:14:41,926 - DiskUsage.Gigabytes:891.0355567932129|#Level:Host|#hostname:lavender,timestamp:1657775681
2022-07-14T14:14:41,927 - DiskUtilization.Percent:47.8|#Level:Host|#hostname:lavender,timestamp:1657775681
2022-07-14T14:14:41,927 - MemoryAvailable.Megabytes:296872.609375|#Level:Host|#hostname:lavender,timestamp:1657775681
2022-07-14T14:14:41,928 - MemoryUsed.Megabytes:96326.8203125|#Level:Host|#hostname:lavender,timestamp:1657775681
2022-07-14T14:14:41,928 - MemoryUtilization.Percent:24.5|#Level:Host|#hostname:lavender,timestamp:1657775681
2022-07-14T14:16:07,344 - CPUUtilization.Percent:0.0|#Level:Host|#hostname:lavender,timestamp:1657775767
2022-07-14T14:16:07,346 - DiskAvailable.Gigabytes:972.2976264953613|#Level:Host|#hostname:lavender,timestamp:1657775767
2022-07-14T14:16:07,346 - DiskUsage.Gigabytes:891.0893630981445|#Level:Host|#hostname:lavender,timestamp:1657775767
2022-07-14T14:16:07,346 - DiskUtilization.Percent:47.8|#Level:Host|#hostname:lavender,timestamp:1657775767
2022-07-14T14:16:07,347 - MemoryAvailable.Megabytes:296755.5390625|#Level:Host|#hostname:lavender,timestamp:1657775767
2022-07-14T14:16:07,347 - MemoryUsed.Megabytes:96442.21484375|#Level:Host|#hostname:lavender,timestamp:1657775767
2022-07-14T14:16:07,347 - MemoryUtilization.Percent:24.5|#Level:Host|#hostname:lavender,timestamp:1657775767
2022-07-14T14:26:54,642 - CPUUtilization.Percent:0.0|#Level:Host|#hostname:lavender,timestamp:1657776414
2022-07-14T14:26:54,643 - DiskAvailable.Gigabytes:972.187084197998|#Level:Host|#hostname:lavender,timestamp:1657776414
2022-07-14T14:26:54,643 - DiskUsage.Gigabytes:891.1999053955078|#Level:Host|#hostname:lavender,timestamp:1657776414
2022-07-14T14:26:54,643 - DiskUtilization.Percent:47.8|#Level:Host|#hostname:lavender,timestamp:1657776414
2022-07-14T14:26:54,643 - MemoryAvailable.Megabytes:296674.234375|#Level:Host|#hostname:lavender,timestamp:1657776414
2022-07-14T14:26:54,643 - MemoryUsed.Megabytes:96523.11328125|#Level:Host|#hostname:lavender,timestamp:1657776414
2022-07-14T14:26:54,644 - MemoryUtilization.Percent:24.6|#Level:Host|#hostname:lavender,timestamp:1657776414
2022-07-14T14:27:54,641 - CPUUtilization.Percent:100.0|#Level:Host|#hostname:lavender,timestamp:1657776474
2022-07-14T14:27:54,641 - DiskAvailable.Gigabytes:972.1816062927246|#Level:Host|#hostname:lavender,timestamp:1657776474
2022-07-14T14:27:54,641 - DiskUsage.Gigabytes:891.2053833007812|#Level:Host|#hostname:lavender,timestamp:1657776474
2022-07-14T14:27:54,642 - DiskUtilization.Percent:47.8|#Level:Host|#hostname:lavender,timestamp:1657776474
2022-07-14T14:27:54,642 - MemoryAvailable.Megabytes:295795.98828125|#Level:Host|#hostname:lavender,timestamp:1657776474
2022-07-14T14:27:54,642 - MemoryUsed.Megabytes:97405.55078125|#Level:Host|#hostname:lavender,timestamp:1657776474
2022-07-14T14:27:54,642 - MemoryUtilization.Percent:24.8|#Level:Host|#hostname:lavender,timestamp:1657776474
